{"level":"http","message":"GET /api/v1/task","service":"casalink-api"}
{"level":"http","message":"GET /api/v1/task/profile/6","service":"casalink-api"}
{"level":"http","message":"GET /api/v1/task/profile/4","service":"casalink-api"}
{"level":"http","message":"GET /api/v1/task/account/4","service":"casalink-api"}
{"level":"http","message":"GET /api/v1/task/account/4","service":"casalink-api"}
{"level":"http","message":"POST /api/v1/login","service":"casalink-api"}
{"level":"http","message":"GET /api/v1/account/4/profile","service":"casalink-api"}
{"level":"http","message":"GET /api/v1/account/4/profile","service":"casalink-api"}
{"level":"http","message":"GET /api/v1/task/account/4","service":"casalink-api"}
{"level":"http","message":"DELETE /api/v1/task/9","service":"casalink-api"}
{"level":"http","message":"DELETE /api/v1/task/10","service":"casalink-api"}
{"level":"http","message":"DELETE /api/v1/task/11","service":"casalink-api"}
{"level":"http","message":"DELETE /api/v1/task/12","service":"casalink-api"}
{"level":"http","message":"DELETE /api/v1/task/7","service":"casalink-api"}
{"level":"http","message":"DELETE /api/v1/task/8","service":"casalink-api"}
{"level":"http","message":"POST /api/v1/task/profile/6","service":"casalink-api"}
{"level":"http","message":"POST /api/v1/task/account/4","service":"casalink-api"}
{"level":"http","message":"GET /api/v1/task/account/4","service":"casalink-api"}
{"level":"http","message":"GET /api/v1/task/account/4","service":"casalink-api"}
{"level":"http","message":"GET /api/v1/task/account/4","service":"casalink-api"}
{"level":"http","message":"GET /api/v1/task/account/4","service":"casalink-api"}
{"level":"http","message":"GET /api/v1/task/account/4","service":"casalink-api"}
{"level":"http","message":"GET /api/v1/task/account/4","service":"casalink-api"}
{"level":"http","message":"GET /api/v1/task/account/4","service":"casalink-api"}
{"level":"http","message":"GET /api/v1/task/account/4","service":"casalink-api"}
{"level":"http","message":"GET /api/v1/task/account/4","service":"casalink-api"}
{"level":"http","message":"POST /api/v1/login","service":"casalink-api"}
{"level":"http","message":"GET /api/v1/account/4/profile","service":"casalink-api"}
{"level":"http","message":"GET /api/v1/account/4/profile","service":"casalink-api"}
{"level":"http","message":"GET /api/v1/task/account/4","service":"casalink-api"}
{"level":"http","message":"POST /api/v1/task/profile/6","service":"casalink-api"}
{"level":"http","message":"GET /api/v1/task/7","service":"casalink-api"}
{"level":"http","message":"POST /api/v1/login","service":"casalink-api"}
{"level":"http","message":"GET /api/v1/account/4/profile","service":"casalink-api"}
{"level":"http","message":"GET /api/v1/account/4/profile","service":"casalink-api"}
{"level":"http","message":"GET /api/v1/task/profile/6","service":"casalink-api"}
{"level":"http","message":"GET /api/v1/task/account/4","service":"casalink-api"}
{"level":"http","message":"GET /api/v1/task/profile/4","service":"casalink-api"}
{"level":"http","message":"GET /api/v1/task/profile/6","service":"casalink-api"}
{"level":"http","message":"GET /api/v1/task/profile/4","service":"casalink-api"}
{"level":"http","message":"GET /api/v1/task/4","service":"casalink-api"}
{"level":"http","message":"GET /api/v1/task/4","service":"casalink-api"}
{"level":"error","message":"TypeError","service":"casalink-api","status":500}
{"level":"http","message":"GET /api/v1/task/4","service":"casalink-api"}
{"level":"error","message":"TypeError","service":"casalink-api","status":500}
{"level":"http","message":"GET /api/v1/task/4","service":"casalink-api"}
{"level":"http","message":"GET /api/v1/task/2","service":"casalink-api"}
{"level":"http","message":"GET /api/v1/task/6","service":"casalink-api"}
{"level":"http","message":"GET /api/v1/task/6","service":"casalink-api"}
{"level":"http","message":"GET /api/v1/task/7","service":"casalink-api"}
{"level":"http","message":"GET /api/v1/task/profile/6","service":"casalink-api"}
{"level":"http","message":"DELETE /api/v1/task/9","service":"casalink-api"}
{"level":"http","message":"GET /api/v1/task/7","service":"casalink-api"}
{"level":"http","message":"GET /api/v1/task/1","service":"casalink-api"}
{"level":"http","message":"GET /api/v1/task/7","service":"casalink-api"}
{"level":"http","message":"GET /api/v1/task/profile/6","service":"casalink-api"}
{"level":"http","message":"POST /api/v1/login","service":"casalink-api"}
{"level":"http","message":"GET /api/v1/account/4/profile","service":"casalink-api"}
{"level":"http","message":"GET /api/v1/account/4/profile","service":"casalink-api"}
{"level":"http","message":"GET /api/v1/task/account/4","service":"casalink-api"}
{"level":"http","message":"POST /api/v1/task/profile/6","service":"casalink-api"}
{"level":"http","message":"GET /api/v1/task/account/4","service":"casalink-api"}
{"level":"http","message":"GET /api/v1/task","service":"casalink-api"}
